2024-04-30 17:30:17 WARNING  !!! This step takes about 20 min to complete !!!
2024-04-30 17:30:17 INFO     -----> Start data extraction for  . . . [{'description': 'S04_R_5_000_000', 'files': ['Benign.csv', 'DDoS.csv', 'Okiru.csv', 'PartOfAHorizontalPortScan.csv'], 'max_rows_per_file': 5000000, 'combined_data_file_name': 'S04_R_5_000_000.csv', 'clean_data_file_name': 'S04_R_5_000_000_clean.csv'}, {'description': 'S16_R_5_000_000', 'files': [], 'max_rows_per_file': 5000000, 'combined_data_file_name': 'S16_R_5_000_000.csv', 'clean_data_file_name': 'S16_R_5_000_000_clean.csv'}]
2024-04-30 17:30:17 INFO     -----> Mix data from multiple files: 4
2024-04-30 17:30:17 INFO     1. Read data from file: E:\machine-learning\datasets\iot23\2_attacks\DDoS.csv
2024-04-30 17:30:37 INFO     End reading data from file in 20.0604190826416 seconds = 0.3343403180440267 minutes, current row count is 5000000 ...
2024-04-30 17:30:37 INFO     2. Read data from file: E:\machine-learning\datasets\iot23\2_attacks\Okiru.csv
2024-04-30 17:31:00 INFO     End reading data from file in 23.625301599502563 seconds = 0.3937550266583761 minutes, current row count is 5000000 ...
2024-04-30 17:31:00 INFO     3. Read data from file: E:\machine-learning\datasets\iot23\2_attacks\Benign.csv
2024-04-30 17:31:20 INFO     End reading data from file in 19.9096257686615 seconds = 0.3318270961443583 minutes, current row count is 5000000 ...
2024-04-30 17:31:20 INFO     4. Read data from file: E:\machine-learning\datasets\iot23\2_attacks\PartOfAHorizontalPortScan.csv
2024-04-30 17:31:41 INFO     End reading data from file in 20.6797137260437 seconds = 0.34466189543406167 minutes, current row count is 5000000 ...
2024-04-30 17:31:41 INFO     -----> Mixing data finished in 84.35043382644653 seconds = 1.405840563774109 minutes ---
2024-04-30 17:31:41 INFO     -----> Clean data... 
2024-04-30 17:32:55 INFO     Replace col values: {'detailed-label': {'-': 'Benign'}, 'duration': {'-': 99}, 'orig_bytes': {'-': 99}, 'resp_bytes': {'-': 99}, 'missed_bytes': {'-': 99}, 'local_orig': {'-': 99}, 'local_resp': {'-': 99}, 'orig_pkts': {'-': 99}, 'orig_ip_bytes': {'-': 99}, 'resp_pkts': {'-': 99}, 'resp_ip_bytes': {'-': 99}}
2024-04-30 17:33:09 INFO     Replace cat values: {'conn_state': {'S0': 0, 'S1': 1, 'S2': 2, 'S3': 3, 'SF': 4, 'REJ': 5, 'RSTO': 6, 'RSTR': 7, 'RSTOS0': 8, 'RSTRH': 9, 'SH': 10, 'SHR': 11, 'OTH': 12}, 'detailed-label': {'Benign': 0, 'Attack': 1, 'C&C': 2, 'C&C-FileDownload': 3, 'C&C-HeartBeat': 4, 'C&C-HeartBeat-Attack': 5, 'C&C-HeartBeat-FileDownload': 6, 'C&C-Mirai': 7, 'C&C-PartOfAHorizontalPortScan': 8, 'C&C-Torii': 9, 'DDoS': 10, 'FileDownload': 11, 'Okiru': 12, 'Okiru-Attack': 13, 'PartOfAHorizontalPortScan': 14, 'PartOfAHorizontalPortScan-Attack': 15}, 'label': {'benign': 0, 'Malicious': 1}, 'proto': {'icmp': 0, 'tcp': 1, 'udp': 2}, 'service': {'-': 0, 'dhcp': 1, 'dns': 2, 'http': 3, 'ssh': 4, 'ssl': 5, 'irc': 6}}
2024-04-30 17:33:41 INFO     Transform columns to numeric: id.orig_h, id.orig_p, id.resp_h, id.resp_p, proto, service, duration, orig_bytes, resp_bytes, conn_state, local_orig, local_resp, missed_bytes, history, orig_pkts, orig_ip_bytes, resp_pkts, resp_ip_bytes, tunnel_parents, detailed-label
2024-04-30 17:34:00 INFO     Encode object columns: id.orig_h, id.resp_h, history, tunnel_parents
2024-04-30 17:37:24 INFO     Save file: S04_R_5_000_000_clean.csv
2024-04-30 17:37:24 INFO     -----> Cleaning finished in 342.5726547241211 seconds = 5.709544245402018 minutes ---
2024-04-30 17:37:24 INFO     -----> Shuffle content rows . . . 
2024-04-30 17:38:04 INFO     -----> Shuffle finished in 40.73050308227539 seconds = 0.6788417180379231 minutes ---
2024-04-30 17:38:06 INFO     -----> Split data... 
2024-04-30 17:39:57 INFO     File saved: E:\machine-learning\datasets\iot23\3_data_v2\S04_R_5_000_000_clean.csv_train.csv
2024-04-30 17:40:17 INFO     File saved: E:\machine-learning\datasets\iot23\3_data_v2\S04_R_5_000_000_clean.csv_test.csv
2024-04-30 17:40:44 INFO     -----> Splitting data finished in 158.09536027908325 seconds = 2.634922671318054 minutes ---
2024-04-30 17:40:45 INFO     -----> Mix data from multiple files: 16
2024-04-30 17:40:45 INFO     1. Read data from file: E:\machine-learning\datasets\iot23\2_attacks\Benign.csv
2024-04-30 17:41:02 INFO     End reading data from file in 16.938068389892578 seconds = 0.282301139831543 minutes, current row count is 5000000 ...
2024-04-30 17:41:02 INFO     2. Read data from file: E:\machine-learning\datasets\iot23\2_attacks\C&C-HeartBeat.csv
2024-04-30 17:41:02 INFO     End reading data from file in 0.07875967025756836 seconds = 0.0013126611709594726 minutes, current row count is 33673 ...
2024-04-30 17:41:02 INFO     3. Read data from file: E:\machine-learning\datasets\iot23\2_attacks\C&C-PartOfAHorizontalPortScan.csv
2024-04-30 17:41:02 INFO     End reading data from file in 0.0 seconds = 0.0 minutes, current row count is 888 ...
2024-04-30 17:41:02 INFO     4. Read data from file: E:\machine-learning\datasets\iot23\2_attacks\C&C.csv
2024-04-30 17:41:02 INFO     End reading data from file in 0.04683876037597656 seconds = 0.0007806460062662761 minutes, current row count is 21995 ...
2024-04-30 17:41:02 INFO     5. Read data from file: E:\machine-learning\datasets\iot23\2_attacks\C&C-HeartBeat-FileDownload.csv
2024-04-30 17:41:02 INFO     End reading data from file in 0.0 seconds = 0.0 minutes, current row count is 11 ...
2024-04-30 17:41:02 INFO     6. Read data from file: E:\machine-learning\datasets\iot23\2_attacks\DDoS.csv
2024-04-30 17:41:21 INFO     End reading data from file in 19.156500577926636 seconds = 0.3192750096321106 minutes, current row count is 5000000 ...
2024-04-30 17:41:21 INFO     7. Read data from file: E:\machine-learning\datasets\iot23\2_attacks\C&C-Mirai.csv
2024-04-30 17:41:21 INFO     End reading data from file in 0.0 seconds = 0.0 minutes, current row count is 2 ...
2024-04-30 17:41:21 INFO     8. Read data from file: E:\machine-learning\datasets\iot23\2_attacks\Okiru-Attack.csv
2024-04-30 17:41:21 INFO     End reading data from file in 0.0 seconds = 0.0 minutes, current row count is 3 ...
2024-04-30 17:41:21 INFO     9. Read data from file: E:\machine-learning\datasets\iot23\2_attacks\PartOfAHorizontalPortScan-Attack.csv
2024-04-30 17:41:21 INFO     End reading data from file in 0.0 seconds = 0.0 minutes, current row count is 5 ...
2024-04-30 17:41:21 INFO     10. Read data from file: E:\machine-learning\datasets\iot23\2_attacks\PartOfAHorizontalPortScan.csv
2024-04-30 17:41:40 INFO     End reading data from file in 18.987054586410522 seconds = 0.3164509097735087 minutes, current row count is 5000000 ...
2024-04-30 17:41:40 INFO     11. Read data from file: E:\machine-learning\datasets\iot23\2_attacks\C&C-Torii.csv
2024-04-30 17:41:40 INFO     End reading data from file in 0.0 seconds = 0.0 minutes, current row count is 30 ...
2024-04-30 17:41:40 INFO     12. Read data from file: E:\machine-learning\datasets\iot23\2_attacks\C&C-FileDownload.csv
2024-04-30 17:41:40 INFO     End reading data from file in 0.0 seconds = 0.0 minutes, current row count is 53 ...
2024-04-30 17:41:40 INFO     13. Read data from file: E:\machine-learning\datasets\iot23\2_attacks\FileDownload.csv
2024-04-30 17:41:40 INFO     End reading data from file in 0.0 seconds = 0.0 minutes, current row count is 18 ...
2024-04-30 17:41:40 INFO     14. Read data from file: E:\machine-learning\datasets\iot23\2_attacks\Okiru.csv
2024-04-30 17:41:58 INFO     End reading data from file in 18.476571559906006 seconds = 0.30794285933176674 minutes, current row count is 5000000 ...
2024-04-30 17:41:58 INFO     15. Read data from file: E:\machine-learning\datasets\iot23\2_attacks\C&C-HeartBeat-Attack.csv
2024-04-30 17:41:58 INFO     End reading data from file in 0.0 seconds = 0.0 minutes, current row count is 834 ...
2024-04-30 17:41:58 INFO     16. Read data from file: E:\machine-learning\datasets\iot23\2_attacks\Attack.csv
2024-04-30 17:41:58 INFO     End reading data from file in 0.01563429832458496 seconds = 0.0002605716387430827 minutes, current row count is 9398 ...
2024-04-30 17:41:58 INFO     -----> Mixing data finished in 73.85203719139099 seconds = 1.2308672865231831 minutes ---
2024-04-30 17:41:58 INFO     -----> Clean data... 
2024-04-30 17:43:00 INFO     Replace col values: {'detailed-label': {'-': 'Benign'}, 'duration': {'-': 99}, 'orig_bytes': {'-': 99}, 'resp_bytes': {'-': 99}, 'missed_bytes': {'-': 99}, 'local_orig': {'-': 99}, 'local_resp': {'-': 99}, 'orig_pkts': {'-': 99}, 'orig_ip_bytes': {'-': 99}, 'resp_pkts': {'-': 99}, 'resp_ip_bytes': {'-': 99}}
2024-04-30 17:43:13 INFO     Replace cat values: {'conn_state': {'S0': 0, 'S1': 1, 'S2': 2, 'S3': 3, 'SF': 4, 'REJ': 5, 'RSTO': 6, 'RSTR': 7, 'RSTOS0': 8, 'RSTRH': 9, 'SH': 10, 'SHR': 11, 'OTH': 12}, 'detailed-label': {'Benign': 0, 'Attack': 1, 'C&C': 2, 'C&C-FileDownload': 3, 'C&C-HeartBeat': 4, 'C&C-HeartBeat-Attack': 5, 'C&C-HeartBeat-FileDownload': 6, 'C&C-Mirai': 7, 'C&C-PartOfAHorizontalPortScan': 8, 'C&C-Torii': 9, 'DDoS': 10, 'FileDownload': 11, 'Okiru': 12, 'Okiru-Attack': 13, 'PartOfAHorizontalPortScan': 14, 'PartOfAHorizontalPortScan-Attack': 15}, 'label': {'benign': 0, 'Malicious': 1}, 'proto': {'icmp': 0, 'tcp': 1, 'udp': 2}, 'service': {'-': 0, 'dhcp': 1, 'dns': 2, 'http': 3, 'ssh': 4, 'ssl': 5, 'irc': 6}}
2024-04-30 17:43:56 INFO     Transform columns to numeric: id.orig_h, id.orig_p, id.resp_h, id.resp_p, proto, service, duration, orig_bytes, resp_bytes, conn_state, local_orig, local_resp, missed_bytes, history, orig_pkts, orig_ip_bytes, resp_pkts, resp_ip_bytes, tunnel_parents, detailed-label
2024-04-30 17:44:16 INFO     Encode object columns: id.orig_h, id.resp_h, history, tunnel_parents
2024-04-30 17:48:16 INFO     Save file: S16_R_5_000_000_clean.csv
2024-04-30 17:48:16 INFO     -----> Cleaning finished in 377.6891005039215 seconds = 6.294818341732025 minutes ---
2024-04-30 17:48:16 INFO     -----> Shuffle content rows . . . 
2024-04-30 17:49:06 INFO     -----> Shuffle finished in 50.127660036087036 seconds = 0.8354610006014506 minutes ---
2024-04-30 17:49:08 INFO     -----> Split data... 
2024-04-30 17:51:22 INFO     File saved: E:\machine-learning\datasets\iot23\3_data_v2\S16_R_5_000_000_clean.csv_train.csv
2024-04-30 17:51:42 INFO     File saved: E:\machine-learning\datasets\iot23\3_data_v2\S16_R_5_000_000_clean.csv_test.csv
2024-04-30 19:26:55 WARNING  !!! This step takes about 20 min to complete !!!
2024-04-30 19:26:55 INFO     -----> Start data extraction for  . . . [{'description': 'S04_R_5_000_000', 'files': ['Benign.csv', 'DDoS.csv', 'Okiru.csv', 'PartOfAHorizontalPortScan.csv'], 'max_rows_per_file': 5000000, 'combined_data_file_name': 'S04_R_5_000_000.csv', 'clean_data_file_name': 'S04_R_5_000_000_clean.csv'}, {'description': 'S16_R_5_000_000', 'files': [], 'max_rows_per_file': 5000000, 'combined_data_file_name': 'S16_R_5_000_000.csv', 'clean_data_file_name': 'S16_R_5_000_000_clean.csv'}]
2024-04-30 19:26:55 INFO     -----> Mix data from multiple files: 4
2024-04-30 19:26:55 INFO     1. Read data from file: E:\machine-learning\datasets\iot23\2_attacks\Benign.csv
2024-04-30 19:27:21 INFO     End reading data from file in 25.592730045318604 seconds = 0.42654550075531006 minutes, current row count is 5000000 ...
2024-04-30 19:27:21 INFO     2. Read data from file: E:\machine-learning\datasets\iot23\2_attacks\Okiru.csv
2024-04-30 19:27:50 INFO     End reading data from file in 28.81263017654419 seconds = 0.48021050294240314 minutes, current row count is 5000000 ...
2024-04-30 19:27:50 INFO     3. Read data from file: E:\machine-learning\datasets\iot23\2_attacks\PartOfAHorizontalPortScan.csv
2024-04-30 19:28:18 INFO     End reading data from file in 27.855166912078857 seconds = 0.46425278186798097 minutes, current row count is 5000000 ...
2024-04-30 19:28:18 INFO     4. Read data from file: E:\machine-learning\datasets\iot23\2_attacks\DDoS.csv
2024-04-30 19:28:41 INFO     End reading data from file in 23.38607382774353 seconds = 0.38976789712905885 minutes, current row count is 5000000 ...
2024-04-30 19:28:41 INFO     -----> Mixing data finished in 105.72789883613586 seconds = 1.762131647268931 minutes ---
2024-04-30 19:28:41 INFO     -----> Clean data... 
2024-04-30 19:30:28 INFO     Replace col values: {'detailed-label': {'-': 'Benign'}, 'duration': {'-': 99}, 'orig_bytes': {'-': 99}, 'resp_bytes': {'-': 99}, 'missed_bytes': {'-': 99}, 'local_orig': {'-': 99}, 'local_resp': {'-': 99}, 'orig_pkts': {'-': 99}, 'orig_ip_bytes': {'-': 99}, 'resp_pkts': {'-': 99}, 'resp_ip_bytes': {'-': 99}}
2024-04-30 19:30:46 INFO     Replace cat values: {'conn_state': {'S0': 0, 'S1': 1, 'S2': 2, 'S3': 3, 'SF': 4, 'REJ': 5, 'RSTO': 6, 'RSTR': 7, 'RSTOS0': 8, 'RSTRH': 9, 'SH': 10, 'SHR': 11, 'OTH': 12}, 'detailed-label': {'Benign': 0, 'Attack': 1, 'C&C': 2, 'C&C-FileDownload': 3, 'C&C-HeartBeat': 4, 'C&C-HeartBeat-Attack': 5, 'C&C-HeartBeat-FileDownload': 6, 'C&C-Mirai': 7, 'C&C-PartOfAHorizontalPortScan': 8, 'C&C-Torii': 9, 'DDoS': 10, 'FileDownload': 11, 'Okiru': 12, 'Okiru-Attack': 13, 'PartOfAHorizontalPortScan': 14, 'PartOfAHorizontalPortScan-Attack': 15}, 'label': {'benign': 0, 'Malicious': 1}, 'proto': {'icmp': 0, 'tcp': 1, 'udp': 2}, 'service': {'-': 0, 'dhcp': 1, 'dns': 2, 'http': 3, 'ssh': 4, 'ssl': 5, 'irc': 6}}
2024-04-30 19:31:25 INFO     Transform columns to numeric: id.orig_h, id.orig_p, id.resp_h, id.resp_p, proto, service, duration, orig_bytes, resp_bytes, conn_state, local_orig, local_resp, missed_bytes, history, orig_pkts, orig_ip_bytes, resp_pkts, resp_ip_bytes, tunnel_parents, detailed-label
2024-04-30 19:31:50 INFO     Encode object columns: id.orig_h, id.resp_h, history, tunnel_parents
2024-04-30 19:35:52 INFO     Save file: S04_R_5_000_000_clean.csv
2024-04-30 19:35:52 INFO     -----> Cleaning finished in 430.48625564575195 seconds = 7.174770927429199 minutes ---
2024-04-30 19:35:52 INFO     -----> Shuffle content rows . . . 
2024-04-30 19:36:40 INFO     -----> Shuffle finished in 48.66600799560547 seconds = 0.8111001332600911 minutes ---
2024-04-30 19:36:42 INFO     -----> Split data... 
2024-04-30 19:38:18 INFO     File saved: E:\machine-learning\datasets\iot23\3_data_v2\S04_R_5_000_000_clean.csv_train.csv
2024-04-30 19:38:32 INFO     File saved: E:\machine-learning\datasets\iot23\3_data_v2\S04_R_5_000_000_clean.csv_test.csv
2024-04-30 19:39:00 INFO     -----> Splitting data finished in 138.0675117969513 seconds = 2.301125196615855 minutes ---
2024-04-30 19:39:00 INFO     -----> Mix data from multiple files: 16
2024-04-30 19:39:01 INFO     1. Read data from file: E:\machine-learning\datasets\iot23\2_attacks\C&C.csv
2024-04-30 19:39:01 INFO     End reading data from file in 0.045485734939575195 seconds = 0.0007580955823262533 minutes, current row count is 21995 ...
2024-04-30 19:39:01 INFO     2. Read data from file: E:\machine-learning\datasets\iot23\2_attacks\Attack.csv
2024-04-30 19:39:01 INFO     End reading data from file in 0.061914920806884766 seconds = 0.0010319153467814128 minutes, current row count is 9398 ...
2024-04-30 19:39:01 INFO     3. Read data from file: E:\machine-learning\datasets\iot23\2_attacks\C&C-Torii.csv
2024-04-30 19:39:01 INFO     End reading data from file in 0.0030062198638916016 seconds = 5.010366439819336e-05 minutes, current row count is 30 ...
2024-04-30 19:39:01 INFO     4. Read data from file: E:\machine-learning\datasets\iot23\2_attacks\C&C-HeartBeat-FileDownload.csv
2024-04-30 19:39:01 INFO     End reading data from file in 0.0019965171813964844 seconds = 3.327528635660807e-05 minutes, current row count is 11 ...
2024-04-30 19:39:01 INFO     5. Read data from file: E:\machine-learning\datasets\iot23\2_attacks\C&C-HeartBeat-Attack.csv
2024-04-30 19:39:01 INFO     End reading data from file in 0.003067493438720703 seconds = 5.112489064534505e-05 minutes, current row count is 834 ...
2024-04-30 19:39:01 INFO     6. Read data from file: E:\machine-learning\datasets\iot23\2_attacks\PartOfAHorizontalPortScan-Attack.csv
2024-04-30 19:39:01 INFO     End reading data from file in 0.0009975433349609375 seconds = 1.662572224934896e-05 minutes, current row count is 5 ...
2024-04-30 19:39:01 INFO     7. Read data from file: E:\machine-learning\datasets\iot23\2_attacks\C&C-FileDownload.csv
2024-04-30 19:39:01 INFO     End reading data from file in 0.0020122528076171875 seconds = 3.353754679361979e-05 minutes, current row count is 53 ...
2024-04-30 19:39:01 INFO     8. Read data from file: E:\machine-learning\datasets\iot23\2_attacks\Benign.csv
2024-04-30 19:39:15 INFO     End reading data from file in 14.329354286193848 seconds = 0.23882257143656413 minutes, current row count is 5000000 ...
2024-04-30 19:39:15 INFO     9. Read data from file: E:\machine-learning\datasets\iot23\2_attacks\FileDownload.csv
2024-04-30 19:39:15 INFO     End reading data from file in 0.0020143985748291016 seconds = 3.3573309580485025e-05 minutes, current row count is 18 ...
2024-04-30 19:39:15 INFO     10. Read data from file: E:\machine-learning\datasets\iot23\2_attacks\PartOfAHorizontalPortScan.csv
2024-04-30 19:39:34 INFO     End reading data from file in 18.745527982711792 seconds = 0.31242546637852986 minutes, current row count is 5000000 ...
2024-04-30 19:39:34 INFO     11. Read data from file: E:\machine-learning\datasets\iot23\2_attacks\DDoS.csv
2024-04-30 19:39:47 INFO     End reading data from file in 13.120649099349976 seconds = 0.21867748498916625 minutes, current row count is 5000000 ...
2024-04-30 19:39:47 INFO     12. Read data from file: E:\machine-learning\datasets\iot23\2_attacks\C&C-Mirai.csv
2024-04-30 19:39:47 INFO     End reading data from file in 0.0010030269622802734 seconds = 1.6717116038004556e-05 minutes, current row count is 2 ...
2024-04-30 19:39:47 INFO     13. Read data from file: E:\machine-learning\datasets\iot23\2_attacks\Okiru.csv
2024-04-30 19:40:02 INFO     End reading data from file in 14.776055335998535 seconds = 0.2462675889333089 minutes, current row count is 5000000 ...
2024-04-30 19:40:02 INFO     14. Read data from file: E:\machine-learning\datasets\iot23\2_attacks\C&C-HeartBeat.csv
2024-04-30 19:40:02 INFO     End reading data from file in 0.07360219955444336 seconds = 0.0012267033259073894 minutes, current row count is 33673 ...
2024-04-30 19:40:02 INFO     15. Read data from file: E:\machine-learning\datasets\iot23\2_attacks\C&C-PartOfAHorizontalPortScan.csv
2024-04-30 19:40:02 INFO     End reading data from file in 0.00569462776184082 seconds = 9.4910462697347e-05 minutes, current row count is 888 ...
2024-04-30 19:40:02 INFO     16. Read data from file: E:\machine-learning\datasets\iot23\2_attacks\Okiru-Attack.csv
2024-04-30 19:40:02 INFO     End reading data from file in 0.0 seconds = 0.0 minutes, current row count is 3 ...
2024-04-30 19:40:02 INFO     -----> Mixing data finished in 61.283583879470825 seconds = 1.021393064657847 minutes ---
2024-04-30 19:40:02 INFO     -----> Clean data... 
2024-04-30 19:41:00 INFO     Replace col values: {'detailed-label': {'-': 'Benign'}, 'duration': {'-': 99}, 'orig_bytes': {'-': 99}, 'resp_bytes': {'-': 99}, 'missed_bytes': {'-': 99}, 'local_orig': {'-': 99}, 'local_resp': {'-': 99}, 'orig_pkts': {'-': 99}, 'orig_ip_bytes': {'-': 99}, 'resp_pkts': {'-': 99}, 'resp_ip_bytes': {'-': 99}}
2024-04-30 19:41:12 INFO     Replace cat values: {'conn_state': {'S0': 0, 'S1': 1, 'S2': 2, 'S3': 3, 'SF': 4, 'REJ': 5, 'RSTO': 6, 'RSTR': 7, 'RSTOS0': 8, 'RSTRH': 9, 'SH': 10, 'SHR': 11, 'OTH': 12}, 'detailed-label': {'Benign': 0, 'Attack': 1, 'C&C': 2, 'C&C-FileDownload': 3, 'C&C-HeartBeat': 4, 'C&C-HeartBeat-Attack': 5, 'C&C-HeartBeat-FileDownload': 6, 'C&C-Mirai': 7, 'C&C-PartOfAHorizontalPortScan': 8, 'C&C-Torii': 9, 'DDoS': 10, 'FileDownload': 11, 'Okiru': 12, 'Okiru-Attack': 13, 'PartOfAHorizontalPortScan': 14, 'PartOfAHorizontalPortScan-Attack': 15}, 'label': {'benign': 0, 'Malicious': 1}, 'proto': {'icmp': 0, 'tcp': 1, 'udp': 2}, 'service': {'-': 0, 'dhcp': 1, 'dns': 2, 'http': 3, 'ssh': 4, 'ssl': 5, 'irc': 6}}
2024-04-30 19:42:06 INFO     Transform columns to numeric: id.orig_h, id.orig_p, id.resp_h, id.resp_p, proto, service, duration, orig_bytes, resp_bytes, conn_state, local_orig, local_resp, missed_bytes, history, orig_pkts, orig_ip_bytes, resp_pkts, resp_ip_bytes, tunnel_parents, detailed-label
2024-04-30 19:42:27 INFO     Encode object columns: id.orig_h, id.resp_h, history, tunnel_parents
2024-04-30 19:46:53 INFO     Save file: S16_R_5_000_000_clean.csv
2024-04-30 19:46:53 INFO     -----> Cleaning finished in 411.3488698005676 seconds = 6.855814496676127 minutes ---
2024-04-30 19:46:53 INFO     -----> Shuffle content rows . . . 
2024-04-30 19:47:50 INFO     -----> Shuffle finished in 56.84960603713989 seconds = 0.9474934339523315 minutes ---
2024-04-30 19:47:52 INFO     -----> Split data... 
2024-04-30 19:50:28 INFO     File saved: E:\machine-learning\datasets\iot23\3_data_v2\S16_R_5_000_000_clean.csv_train.csv
2024-04-30 19:50:56 INFO     File saved: E:\machine-learning\datasets\iot23\3_data_v2\S16_R_5_000_000_clean.csv_test.csv
2024-04-30 20:44:45 WARNING  !!! This step takes about 20 min to complete !!!
2024-04-30 20:44:45 INFO     -----> Start data extraction for  . . . [{'description': 'S04_R_5_000_000', 'files': ['Benign.csv', 'DDoS.csv', 'Okiru.csv', 'PartOfAHorizontalPortScan.csv'], 'max_rows_per_file': 5000000, 'combined_data_file_name': 'S04_R_5_000_000.csv', 'clean_data_file_name': 'S04_R_5_000_000_clean.csv'}, {'description': 'S16_R_5_000_000', 'files': [], 'max_rows_per_file': 5000000, 'combined_data_file_name': 'S16_R_5_000_000.csv', 'clean_data_file_name': 'S16_R_5_000_000_clean.csv'}]
2024-04-30 20:44:45 INFO     -----> Mix data from multiple files: 4
2024-04-30 20:44:45 INFO     1. Read data from file: E:\machine-learning\datasets\iot23\2_attacks\Benign.csv
2024-04-30 20:44:56 INFO     End reading data from file in 10.98574948310852 seconds = 0.18309582471847535 minutes, current row count is 5000000 ...
2024-04-30 20:44:56 INFO     2. Read data from file: E:\machine-learning\datasets\iot23\2_attacks\Okiru.csv
2024-04-30 20:45:09 INFO     End reading data from file in 13.358796119689941 seconds = 0.22264660199483235 minutes, current row count is 5000000 ...
2024-04-30 20:45:09 INFO     3. Read data from file: E:\machine-learning\datasets\iot23\2_attacks\DDoS.csv
2024-04-30 20:45:24 INFO     End reading data from file in 14.271185874938965 seconds = 0.2378530979156494 minutes, current row count is 5000000 ...
2024-04-30 20:45:24 INFO     4. Read data from file: E:\machine-learning\datasets\iot23\2_attacks\PartOfAHorizontalPortScan.csv
2024-04-30 20:45:43 INFO     End reading data from file in 19.770664930343628 seconds = 0.3295110821723938 minutes, current row count is 5000000 ...
2024-04-30 20:45:43 INFO     -----> Mixing data finished in 58.494773864746094 seconds = 0.9749128977457683 minutes ---
2024-04-30 20:45:43 INFO     -----> Clean data... 
2024-04-30 20:47:06 INFO     Replace col values: {'detailed-label': {'-': 'Benign'}, 'duration': {'-': 99}, 'orig_bytes': {'-': 99}, 'resp_bytes': {'-': 99}, 'missed_bytes': {'-': 99}, 'local_orig': {'-': 99}, 'local_resp': {'-': 99}, 'orig_pkts': {'-': 99}, 'orig_ip_bytes': {'-': 99}, 'resp_pkts': {'-': 99}, 'resp_ip_bytes': {'-': 99}}
2024-04-30 20:47:23 INFO     Replace cat values: {'conn_state': {'S0': 0, 'S1': 1, 'S2': 2, 'S3': 3, 'SF': 4, 'REJ': 5, 'RSTO': 6, 'RSTR': 7, 'RSTOS0': 8, 'RSTRH': 9, 'SH': 10, 'SHR': 11, 'OTH': 12}, 'detailed-label': {'Benign': 0, 'Attack': 1, 'C&C': 2, 'C&C-FileDownload': 3, 'C&C-HeartBeat': 4, 'C&C-HeartBeat-Attack': 5, 'C&C-HeartBeat-FileDownload': 6, 'C&C-Mirai': 7, 'C&C-PartOfAHorizontalPortScan': 8, 'C&C-Torii': 9, 'DDoS': 10, 'FileDownload': 11, 'Okiru': 12, 'Okiru-Attack': 13, 'PartOfAHorizontalPortScan': 14, 'PartOfAHorizontalPortScan-Attack': 15}, 'label': {'benign': 0, 'Malicious': 1}, 'proto': {'icmp': 0, 'tcp': 1, 'udp': 2}, 'service': {'-': 0, 'dhcp': 1, 'dns': 2, 'http': 3, 'ssh': 4, 'ssl': 5, 'irc': 6}}
2024-04-30 20:48:01 INFO     Transform columns to numeric: id.orig_h, id.orig_p, id.resp_h, id.resp_p, proto, service, duration, orig_bytes, resp_bytes, conn_state, local_orig, local_resp, missed_bytes, history, orig_pkts, orig_ip_bytes, resp_pkts, resp_ip_bytes, tunnel_parents, detailed-label
2024-04-30 20:48:26 INFO     Encode object columns: id.orig_h, id.resp_h, history, tunnel_parents
2024-04-30 20:51:55 INFO     Save file: S04_R_5_000_000_clean.csv
2024-04-30 20:51:55 INFO     -----> Cleaning finished in 371.2999906539917 seconds = 6.188333177566529 minutes ---
2024-04-30 20:51:55 INFO     -----> Shuffle content rows . . . 
2024-04-30 20:52:36 INFO     -----> Shuffle finished in 41.282063245773315 seconds = 0.6880343874295552 minutes ---
2024-04-30 20:52:38 INFO     -----> Split data... 
2024-04-30 20:54:28 INFO     File saved: E:\machine-learning\datasets\iot23\3_data_v2\S04_R_5_000_000_clean.csv_train.csv
2024-04-30 20:54:50 INFO     File saved: E:\machine-learning\datasets\iot23\3_data_v2\S04_R_5_000_000_clean.csv_test.csv
2024-04-30 20:55:18 INFO     -----> Splitting data finished in 159.98779439926147 seconds = 2.6664632399876913 minutes ---
2024-04-30 20:55:18 INFO     -----> Mix data from multiple files: 16
2024-04-30 20:55:18 INFO     1. Read data from file: E:\machine-learning\datasets\iot23\2_attacks\C&C-Torii.csv
2024-04-30 20:55:18 INFO     End reading data from file in 0.0029997825622558594 seconds = 4.9996376037597654e-05 minutes, current row count is 30 ...
2024-04-30 20:55:18 INFO     2. Read data from file: E:\machine-learning\datasets\iot23\2_attacks\C&C-HeartBeat-FileDownload.csv
2024-04-30 20:55:18 INFO     End reading data from file in 0.0030002593994140625 seconds = 5.0004323323567705e-05 minutes, current row count is 11 ...
2024-04-30 20:55:18 INFO     3. Read data from file: E:\machine-learning\datasets\iot23\2_attacks\C&C-HeartBeat.csv
2024-04-30 20:55:18 INFO     End reading data from file in 0.09316492080688477 seconds = 0.001552748680114746 minutes, current row count is 33673 ...
2024-04-30 20:55:18 INFO     4. Read data from file: E:\machine-learning\datasets\iot23\2_attacks\C&C-HeartBeat-Attack.csv
2024-04-30 20:55:18 INFO     End reading data from file in 0.0029926300048828125 seconds = 4.987716674804687e-05 minutes, current row count is 834 ...
2024-04-30 20:55:18 INFO     5. Read data from file: E:\machine-learning\datasets\iot23\2_attacks\C&C.csv
2024-04-30 20:55:18 INFO     End reading data from file in 0.0609891414642334 seconds = 0.0010164856910705566 minutes, current row count is 21995 ...
2024-04-30 20:55:18 INFO     6. Read data from file: E:\machine-learning\datasets\iot23\2_attacks\C&C-Mirai.csv
2024-04-30 20:55:18 INFO     End reading data from file in 0.0 seconds = 0.0 minutes, current row count is 2 ...
2024-04-30 20:55:18 INFO     7. Read data from file: E:\machine-learning\datasets\iot23\2_attacks\DDoS.csv
2024-04-30 20:55:36 INFO     End reading data from file in 17.341782331466675 seconds = 0.28902970552444457 minutes, current row count is 5000000 ...
2024-04-30 20:55:36 INFO     8. Read data from file: E:\machine-learning\datasets\iot23\2_attacks\FileDownload.csv
2024-04-30 20:55:36 INFO     End reading data from file in 0.0010001659393310547 seconds = 1.6669432322184246e-05 minutes, current row count is 18 ...
2024-04-30 20:55:36 INFO     9. Read data from file: E:\machine-learning\datasets\iot23\2_attacks\Benign.csv
2024-04-30 20:55:54 INFO     End reading data from file in 18.418424129486084 seconds = 0.30697373549143475 minutes, current row count is 5000000 ...
2024-04-30 20:55:54 INFO     10. Read data from file: E:\machine-learning\datasets\iot23\2_attacks\C&C-PartOfAHorizontalPortScan.csv
2024-04-30 20:55:54 INFO     End reading data from file in 0.006057024002075195 seconds = 0.00010095040003458659 minutes, current row count is 888 ...
2024-04-30 20:55:54 INFO     11. Read data from file: E:\machine-learning\datasets\iot23\2_attacks\PartOfAHorizontalPortScan.csv
2024-04-30 20:56:14 INFO     End reading data from file in 19.519099950790405 seconds = 0.32531833251317344 minutes, current row count is 5000000 ...
2024-04-30 20:56:14 INFO     12. Read data from file: E:\machine-learning\datasets\iot23\2_attacks\Okiru-Attack.csv
2024-04-30 20:56:14 INFO     End reading data from file in 0.0 seconds = 0.0 minutes, current row count is 3 ...
2024-04-30 20:56:14 INFO     13. Read data from file: E:\machine-learning\datasets\iot23\2_attacks\C&C-FileDownload.csv
2024-04-30 20:56:14 INFO     End reading data from file in 0.0010030269622802734 seconds = 1.6717116038004556e-05 minutes, current row count is 53 ...
2024-04-30 20:56:14 INFO     14. Read data from file: E:\machine-learning\datasets\iot23\2_attacks\Attack.csv
2024-04-30 20:56:14 INFO     End reading data from file in 0.023455142974853516 seconds = 0.00039091904958089195 minutes, current row count is 9398 ...
2024-04-30 20:56:14 INFO     15. Read data from file: E:\machine-learning\datasets\iot23\2_attacks\PartOfAHorizontalPortScan-Attack.csv
2024-04-30 20:56:14 INFO     End reading data from file in 0.000993490219116211 seconds = 1.6558170318603516e-05 minutes, current row count is 5 ...
2024-04-30 20:56:14 INFO     16. Read data from file: E:\machine-learning\datasets\iot23\2_attacks\Okiru.csv
2024-04-30 20:56:32 INFO     End reading data from file in 18.609030723571777 seconds = 0.31015051205952965 minutes, current row count is 5000000 ...
2024-04-30 20:56:32 INFO     -----> Mixing data finished in 74.23759722709656 seconds = 1.237293287118276 minutes ---
2024-04-30 20:56:32 INFO     -----> Clean data... 
2024-04-30 20:57:37 INFO     Replace col values: {'detailed-label': {'-': 'Benign'}, 'duration': {'-': 99}, 'orig_bytes': {'-': 99}, 'resp_bytes': {'-': 99}, 'missed_bytes': {'-': 99}, 'local_orig': {'-': 99}, 'local_resp': {'-': 99}, 'orig_pkts': {'-': 99}, 'orig_ip_bytes': {'-': 99}, 'resp_pkts': {'-': 99}, 'resp_ip_bytes': {'-': 99}}
2024-04-30 20:57:51 INFO     Replace cat values: {'conn_state': {'S0': 0, 'S1': 1, 'S2': 2, 'S3': 3, 'SF': 4, 'REJ': 5, 'RSTO': 6, 'RSTR': 7, 'RSTOS0': 8, 'RSTRH': 9, 'SH': 10, 'SHR': 11, 'OTH': 12}, 'detailed-label': {'Benign': 0, 'Attack': 1, 'C&C': 2, 'C&C-FileDownload': 3, 'C&C-HeartBeat': 4, 'C&C-HeartBeat-Attack': 5, 'C&C-HeartBeat-FileDownload': 6, 'C&C-Mirai': 7, 'C&C-PartOfAHorizontalPortScan': 8, 'C&C-Torii': 9, 'DDoS': 10, 'FileDownload': 11, 'Okiru': 12, 'Okiru-Attack': 13, 'PartOfAHorizontalPortScan': 14, 'PartOfAHorizontalPortScan-Attack': 15}, 'label': {'benign': 0, 'Malicious': 1}, 'proto': {'icmp': 0, 'tcp': 1, 'udp': 2}, 'service': {'-': 0, 'dhcp': 1, 'dns': 2, 'http': 3, 'ssh': 4, 'ssl': 5, 'irc': 6}}
2024-04-30 20:58:27 INFO     Transform columns to numeric: id.orig_h, id.orig_p, id.resp_h, id.resp_p, proto, service, duration, orig_bytes, resp_bytes, conn_state, local_orig, local_resp, missed_bytes, history, orig_pkts, orig_ip_bytes, resp_pkts, resp_ip_bytes, tunnel_parents, detailed-label
2024-04-30 20:58:45 INFO     Encode object columns: id.orig_h, id.resp_h, history, tunnel_parents
2024-04-30 21:02:02 INFO     Save file: S16_R_5_000_000_clean.csv
2024-04-30 21:02:02 INFO     -----> Cleaning finished in 329.6719117164612 seconds = 5.494531861941019 minutes ---
2024-04-30 21:02:02 INFO     -----> Shuffle content rows . . . 
2024-04-30 21:02:42 INFO     -----> Shuffle finished in 39.990484952926636 seconds = 0.6665080825487772 minutes ---
2024-04-30 21:02:44 INFO     -----> Split data... 
2024-04-30 21:04:35 INFO     File saved: E:\machine-learning\datasets\iot23\3_data_v2\S16_R_5_000_000_clean.csv_train.csv
2024-04-30 21:04:55 INFO     File saved: E:\machine-learning\datasets\iot23\3_data_v2\S16_R_5_000_000_clean.csv_test.csv
2024-04-30 21:05:45 INFO     File saved: E:\machine-learning\datasets\iot23\3_data_v2\S16_R_5_000_000_clean.csv_test.csv
2024-04-30 21:05:45 INFO     -----> Splitting data finished in 181.83445763587952 seconds = 3.030574293931325 minutes ---
2024-04-30 21:05:46 INFO     -----> Data extraction finished in 1260.825100183487 seconds = 21.013751669724783 minutes ---
